<?xml version="1.0" encoding="UTF-8"?>
<testng-results skipped="0" failed="0" ignored="0" total="1" passed="1">
  <reporter-output>
  </reporter-output>
  <suite name="Suite" duration-ms="71469" started-at="2022-09-14T20:27:48 IST" finished-at="2022-09-14T20:29:00 IST">
    <groups>
    </groups>
    <test name="Test" duration-ms="71469" started-at="2022-09-14T20:27:48 IST" finished-at="2022-09-14T20:29:00 IST">
      <class name="com.flipkart.testcases.Tc_Login">
        <test-method status="PASS" signature="setup()[pri:0, instance:com.flipkart.testcases.Tc_Login@10a035a0]" name="setup" is-config="true" duration-ms="58624" started-at="2022-09-14T20:27:48 IST" finished-at="2022-09-14T20:28:47 IST">
          <reporter-output>
          </reporter-output>
        </test-method> <!-- setup -->
        <test-method status="PASS" signature="loginTest()[pri:0, instance:com.flipkart.testcases.Tc_Login@10a035a0]" name="loginTest" duration-ms="10360" started-at="2022-09-14T20:28:47 IST" finished-at="2022-09-14T20:28:57 IST">
          <reporter-output>
          </reporter-output>
        </test-method> <!-- loginTest -->
        <test-method status="PASS" signature="tearDown()[pri:0, instance:com.flipkart.testcases.Tc_Login@10a035a0]" name="tearDown" is-config="true" duration-ms="2434" started-at="2022-09-14T20:28:57 IST" finished-at="2022-09-14T20:29:00 IST">
          <reporter-output>
          </reporter-output>
        </test-method> <!-- tearDown -->
      </class> <!-- com.flipkart.testcases.Tc_Login -->
    </test> <!-- Test -->
  </suite> <!-- Suite -->
</testng-results>
